<?xml version="1.0" encoding="UTF-8"?>
<!-- Generated by org.testng.reporters.JUnitReportReporter -->
<testsuite hostname="DESKTOP-6ST94J7" failures="0" tests="1" name="com.cssLocators.XpathDropdown" time="1.518" errors="0" timestamp="2021-04-24T23:48:52 EDT" skipped="0">
  <testcase classname="com.cssLocators.XpathDropdown" name="dropdownXpath" time="1.518"/>
</testsuite> <!-- com.cssLocators.XpathDropdown -->
