<?xml version="1.0" encoding="UTF-8"?>
<!-- Generated by org.testng.reporters.JUnitReportReporter -->
<testsuite hostname="DESKTOP-6ST94J7" failures="0" tests="1" name="com.directLocators.AttributeName" time="8.539" errors="0" timestamp="2021-04-19T17:40:10 EDT" skipped="0">
  <testcase classname="com.directLocators.AttributeName" name="countrySelection" time="8.539"/>
</testsuite> <!-- com.directLocators.AttributeName -->
