<?xml version="1.0" encoding="UTF-8"?>
<!-- Generated by org.testng.reporters.JUnitReportReporter -->
<testsuite hostname="DESKTOP-6ST94J7" failures="0" tests="1" name="com.xPatchLocators.XpathRegular" time="1.080" errors="0" timestamp="2021-04-20T17:14:43 EDT" skipped="0">
  <testcase classname="com.xPatchLocators.XpathRegular" name="regularXpath" time="1.080"/>
</testsuite> <!-- com.xPatchLocators.XpathRegular -->
