<?xml version="1.0" encoding="UTF-8"?>
<!-- Generated by org.testng.reporters.JUnitReportReporter -->
<testsuite hostname="DESKTOP-6ST94J7" failures="0" tests="1" name="com.cssXpathLocators.XpathDropdown" time="1.394" errors="0" timestamp="2021-04-30T16:33:50 EDT" skipped="0">
  <testcase classname="com.cssXpathLocators.XpathDropdown" name="dropdownXpath" time="1.394"/>
</testsuite> <!-- com.cssXpathLocators.XpathDropdown -->
