<?xml version="1.0" encoding="UTF-8"?>
<!-- Generated by org.testng.reporters.JUnitReportReporter -->
<testsuite hostname="DESKTOP-6ST94J7" failures="0" tests="1" name="com.directLocators.CssSelector" time="0.726" errors="0" timestamp="2021-04-23T23:02:18 EDT" skipped="0">
  <testcase classname="com.directLocators.CssSelector" name="zipCodeUsingCss" time="0.726"/>
</testsuite> <!-- com.directLocators.CssSelector -->
