<?xml version="1.0" encoding="UTF-8"?>
<!-- Generated by org.testng.reporters.JUnitReportReporter -->
<testsuite hostname="DESKTOP-6ST94J7" failures="0" tests="2" name="com.ChaseBank.Chrome" time="0.228" errors="0" timestamp="2021-04-16T17:39:30 EDT" skipped="0">
  <testcase classname="com.ChaseBank.Chrome" name="geturl" time="0.032"/>
  <testcase classname="com.ChaseBank.Chrome" name="getTitle" time="0.196"/>
</testsuite> <!-- com.ChaseBank.Chrome -->
