<?xml version="1.0" encoding="UTF-8"?>
<!-- Generated by org.testng.reporters.JUnitReportReporter -->
<testsuite hostname="DESKTOP-6ST94J7" failures="0" tests="1" name="com.xPathLocators.XpathText" time="3.457" errors="0" timestamp="2021-04-20T23:28:15 EDT" skipped="0">
  <testcase classname="com.xPathLocators.XpathText" name="clickHyperLink" time="3.457"/>
</testsuite> <!-- com.xPathLocators.XpathText -->
