<?xml version="1.0" encoding="UTF-8"?>
<!-- Generated by org.testng.reporters.JUnitReportReporter -->
<testsuite hostname="DESKTOP-6ST94J7" failures="0" tests="1" name="com.cssLocators.XpathAxes" time="0.051" errors="0" timestamp="2021-04-24T16:23:53 EDT" skipped="0">
  <testcase classname="com.cssLocators.XpathAxes" name="regularXpath" time="0.051"/>
</testsuite> <!-- com.cssLocators.XpathAxes -->
