<?xml version="1.0" encoding="UTF-8"?>
<!-- Generated by org.testng.reporters.JUnitReportReporter -->
<testsuite hostname="DESKTOP-6ST94J7" failures="0" tests="2" name="com.directLocators.AttributeLinkText" time="8.009" errors="0" timestamp="2021-04-20T16:56:17 EDT" skipped="0">
  <testcase classname="com.directLocators.AttributeLinkText" name="iOS_partial_LinkText" time="2.215"/>
  <testcase classname="com.directLocators.AttributeLinkText" name="iOS_linkText_test" time="5.794"/>
</testsuite> <!-- com.directLocators.AttributeLinkText -->
