<?xml version="1.0" encoding="UTF-8"?>
<!-- Generated by org.testng.reporters.JUnitReportReporter -->
<testsuite hostname="DESKTOP-6ST94J7" failures="0" tests="1" name="com.instacart.AttributeName" time="2.753" errors="0" timestamp="2021-04-19T17:19:59 EDT" skipped="0">
  <testcase classname="com.instacart.AttributeName" name="countrySelection" time="2.753"/>
</testsuite> <!-- com.instacart.AttributeName -->
