<?xml version="1.0" encoding="UTF-8"?>
<!-- Generated by org.testng.reporters.JUnitReportReporter -->
<testsuite hostname="DESKTOP-6ST94J7" failures="0" tests="2" name="variables.Edge" time="1.553" errors="0" timestamp="2021-03-29T16:04:39 EDT" skipped="0">
  <testcase classname="variables.Edge" name="getUrl" time="0.406"/>
  <testcase classname="variables.Edge" name="getTitle" time="1.147"/>
</testsuite> <!-- variables.Edge -->
