<?xml version="1.0" encoding="UTF-8"?>
<!-- Generated by org.testng.reporters.JUnitReportReporter -->
<testsuite hostname="DESKTOP-6ST94J7" failures="0" tests="1" name="com.xPathLocators.XpathStartsWith" time="0.746" errors="0" timestamp="2021-04-24T14:30:37 EDT" skipped="0">
  <testcase classname="com.xPathLocators.XpathStartsWith" name="startsWithXpath" time="0.746"/>
</testsuite> <!-- com.xPathLocators.XpathStartsWith -->
