<?xml version="1.0" encoding="UTF-8"?>
<!-- Generated by org.testng.reporters.JUnitReportReporter -->
<testsuite hostname="DESKTOP-6ST94J7" failures="0" tests="1" name="com.xPathLocators.XpathOrAnd" time="1.953" errors="0" timestamp="2021-04-21T01:00:46 EDT" skipped="0">
  <testcase classname="com.xPathLocators.XpathOrAnd" name="orAndxPathTest" time="1.953"/>
</testsuite> <!-- com.xPathLocators.XpathOrAnd -->
