<?xml version="1.0" encoding="UTF-8"?>
<!-- Generated by org.testng.reporters.JUnitReportReporter -->
<testsuite hostname="DESKTOP-6ST94J7" failures="0" tests="1" name="com.cssLocators.PracticeXpath1" time="0.456" errors="0" timestamp="2021-04-24T15:17:42 EDT" skipped="0">
  <testcase classname="com.cssLocators.PracticeXpath1" name="advancedXpaths" time="0.456"/>
</testsuite> <!-- com.cssLocators.PracticeXpath1 -->
