<?xml version="1.0" encoding="UTF-8"?>
<!-- Generated by org.testng.reporters.JUnitReportReporter -->
<testsuite hostname="DESKTOP-6ST94J7" failures="0" tests="1" name="com.xPathLocators.XpathContain" time="0.883" errors="0" timestamp="2021-04-20T23:42:57 EDT" skipped="0">
  <testcase classname="com.xPathLocators.XpathContain" name="clickLogIn" time="0.883"/>
</testsuite> <!-- com.xPathLocators.XpathContain -->
