<?xml version="1.0" encoding="UTF-8"?>
<!-- Generated by org.testng.reporters.JUnitReportReporter -->
<testsuite hostname="DESKTOP-6ST94J7" failures="0" tests="1" name="com.instacart.AttributeId" time="3.459" errors="0" timestamp="2021-04-19T16:59:10 EDT" skipped="0">
  <testcase classname="com.instacart.AttributeId" name="zipCode" time="3.459"/>
</testsuite> <!-- com.instacart.AttributeId -->
