<?xml version="1.0" encoding="UTF-8"?>
<!-- Generated by org.testng.reporters.JUnitReportReporter -->
<testsuite hostname="DESKTOP-6ST94J7" failures="0" tests="2" name="variables.Chrome" time="0.520" errors="0" timestamp="2021-03-29T15:56:10 EDT" skipped="0">
  <testcase classname="variables.Chrome" name="geturl" time="0.184"/>
  <testcase classname="variables.Chrome" name="getTitle" time="0.336"/>
</testsuite> <!-- variables.Chrome -->
