<?xml version="1.0" encoding="UTF-8"?>
<!-- Generated by org.testng.reporters.JUnitReportReporter -->
<testsuite hostname="DESKTOP-6ST94J7" failures="0" tests="1" name="com.directLocators.AttributeId" time="0.426" errors="0" timestamp="2021-04-23T16:43:35 EDT" skipped="0">
  <testcase classname="com.directLocators.AttributeId" name="zipCode" time="0.426"/>
</testsuite> <!-- com.directLocators.AttributeId -->
