<?xml version="1.0" encoding="UTF-8"?>
<!-- Generated by org.testng.reporters.JUnitReportReporter -->
<testsuite hostname="DESKTOP-6ST94J7" failures="0" tests="1" name="com.actionPractice.ActionKeyBoardEvents" time="1.724" errors="0" timestamp="2021-05-07T23:57:06 EDT" skipped="0">
  <testcase classname="com.actionPractice.ActionKeyBoardEvents" name="enterKeycheck" time="1.724"/>
</testsuite> <!-- com.actionPractice.ActionKeyBoardEvents -->
