<?xml version="1.0" encoding="UTF-8"?>
<!-- Generated by org.testng.reporters.JUnitReportReporter -->
<testsuite hostname="DESKTOP-6ST94J7" failures="0" tests="1" name="com.instacart.AttributeClass" time="2.132" errors="0" timestamp="2021-04-19T17:18:46 EDT" skipped="0">
  <testcase classname="com.instacart.AttributeClass" name="logIn" time="2.132"/>
</testsuite> <!-- com.instacart.AttributeClass -->
