<?xml version="1.0" encoding="UTF-8"?>
<!-- Generated by org.testng.reporters.JUnitReportReporter -->
<testsuite hostname="DESKTOP-6ST94J7" failures="0" tests="2" name="variables.Edge" time="0.950" errors="0" timestamp="2021-03-29T17:15:07 EDT" skipped="0">
  <testcase classname="variables.Edge" name="getTitle" time="0.522"/>
  <testcase classname="variables.Edge" name="getUrl" time="0.428"/>
</testsuite> <!-- variables.Edge -->
