<?xml version="1.0" encoding="UTF-8"?>
<!-- Generated by org.testng.reporters.JUnitReportReporter -->
<testsuite hostname="DESKTOP-6ST94J7" failures="0" tests="1" name="com.actionPractice.ActionMouseHover" time="0.734" errors="0" timestamp="2021-05-08T00:00:41 EDT" skipped="0">
  <testcase classname="com.actionPractice.ActionMouseHover" name="dropdownXpath" time="0.734"/>
</testsuite> <!-- com.actionPractice.ActionMouseHover -->
