<?xml version="1.0" encoding="UTF-8"?>
<!-- Generated by org.testng.reporters.JUnitReportReporter -->
<testsuite hostname="DESKTOP-6ST94J7" failures="0" tests="2" name="variables.MixedVariables" time="4.027" errors="0" timestamp="2021-04-04T18:30:35 EDT" skipped="0">
  <testcase classname="variables.MixedVariables" name="openApplication" time="3.986"/>
  <testcase classname="variables.MixedVariables" name="getTitle" time="0.041"/>
</testsuite> <!-- variables.MixedVariables -->
