<?xml version="1.0" encoding="UTF-8"?>
<!-- Generated by org.testng.reporters.JUnitReportReporter -->
<testsuite hostname="DESKTOP-6ST94J7" failures="0" tests="1" name="com.facebook.AttributesId" time="0.221" errors="0" timestamp="2021-04-19T15:25:28 EDT" skipped="0">
  <testcase classname="com.facebook.AttributesId" name="signinContainTextest" time="0.221"/>
</testsuite> <!-- com.facebook.AttributesId -->
