<?xml version="1.0" encoding="UTF-8"?>
<!-- Generated by org.testng.reporters.JUnitReportReporter -->
<testsuite hostname="DESKTOP-6ST94J7" failures="0" tests="2" name="variables.Chrome" time="0.551" errors="0" timestamp="2021-04-16T17:29:51 EDT" skipped="0">
  <testcase classname="variables.Chrome" name="geturl" time="0.438"/>
  <testcase classname="variables.Chrome" name="getTitle" time="0.113"/>
</testsuite> <!-- variables.Chrome -->
