<?xml version="1.0" encoding="UTF-8"?>
<!-- Generated by org.testng.reporters.JUnitReportReporter -->
<testsuite hostname="DESKTOP-6ST94J7" failures="0" tests="1" name="variables.Firefox" time="0.049" errors="0" timestamp="2021-03-29T16:10:58 EDT" skipped="0">
  <testcase classname="variables.Firefox" name="getUrl" time="0.049"/>
</testsuite> <!-- variables.Firefox -->
