<?xml version="1.0" encoding="UTF-8"?>
<!-- Generated by org.testng.reporters.JUnitReportReporter -->
<testsuite hostname="DESKTOP-6ST94J7" failures="0" tests="1" name="com.cssLocators.PracticeXpath" time="2.266" errors="0" timestamp="2021-04-24T14:09:14 EDT" skipped="0">
  <testcase classname="com.cssLocators.PracticeXpath" name="zipCodeUsingCss" time="2.266"/>
</testsuite> <!-- com.cssLocators.PracticeXpath -->
