<?xml version="1.0" encoding="UTF-8"?>
<!-- Generated by org.testng.reporters.JUnitReportReporter -->
<testsuite hostname="DESKTOP-6ST94J7" failures="0" tests="1" name="com.cssLocators.PracticeCssLocators" time="3.376" errors="0" timestamp="2021-04-24T01:08:46 EDT" skipped="0">
  <testcase classname="com.cssLocators.PracticeCssLocators" name="zipCodeUsingCss" time="3.376"/>
</testsuite> <!-- com.cssLocators.PracticeCssLocators -->
