<?xml version="1.0" encoding="UTF-8"?>
<!-- Generated by org.testng.reporters.JUnitReportReporter -->
<testsuite hostname="DESKTOP-6ST94J7" failures="0" tests="1" name="com.directLocators.AttributeTagName" time="0.138" errors="0" timestamp="2021-04-20T12:46:38 EDT" skipped="0">
  <testcase classname="com.directLocators.AttributeTagName" name="sendKeyUsingTag" time="0.138"/>
</testsuite> <!-- com.directLocators.AttributeTagName -->
