<?xml version="1.0" encoding="UTF-8"?>
<!-- Generated by org.testng.reporters.JUnitReportReporter -->
<testsuite hostname="DESKTOP-6ST94J7" failures="0" tests="1" name="com.selectPractice.SelectBasics" time="0.928" errors="0" timestamp="2021-05-03T00:02:15 EDT" skipped="0">
  <testcase classname="com.selectPractice.SelectBasics" name="selectDropdown" time="0.928"/>
</testsuite> <!-- com.selectPractice.SelectBasics -->
